<?xml version="1.0" encoding="UTF-8"?>
<!-- Generated by org.testng.reporters.JUnitReportReporter -->
<testsuite hostname="LAPTOP-T7PI7EN2" failures="0" tests="1" name="testcases.AmazonForget" time="3.672" errors="0" timestamp="2024-02-27T14:32:22 IST" skipped="0">
  <testcase classname="testcases.AmazonForget" name="forget" time="3.672"/>
  <system-out/>
</testsuite> <!-- testcases.AmazonForget -->
