<?xml version="1.0" encoding="UTF-8"?>
<!-- Generated by org.testng.reporters.JUnitReportReporter -->
<testsuite hostname="LAPTOP-T7PI7EN2" failures="0" tests="3" name="testcases.AmazonLogin" time="73.056" errors="0" timestamp="2024-02-27T14:32:22 IST" skipped="0">
  <testcase classname="testcases.AmazonLogin" name="login" time="25.542"/>
  <system-out/>
  <testcase classname="testcases.AmazonLogin" name="login" time="43.335"/>
  <system-out/>
  <testcase classname="testcases.AmazonLogin" name="login" time="4.179"/>
  <system-out/>
</testsuite> <!-- testcases.AmazonLogin -->
