<?xml version="1.0" encoding="UTF-8"?>
<!-- Generated by org.testng.reporters.JUnitReportReporter -->
<testsuite hostname="LAPTOP-T7PI7EN2" failures="0" tests="3" name="testcases.AmazonShop" time="8.758" errors="0" timestamp="2024-02-27T14:32:22 IST" skipped="0">
  <testcase classname="testcases.AmazonShop" name="shop" time="2.665"/>
  <system-out/>
  <testcase classname="testcases.AmazonShop" name="shop" time="3.579"/>
  <system-out/>
  <testcase classname="testcases.AmazonShop" name="shop" time="2.514"/>
  <system-out/>
</testsuite> <!-- testcases.AmazonShop -->
